0 info it worked if it ends with ok
1 verbose cli [ 'node',
1 verbose cli   '/Users/tricinel/.nvm/versions/node/v0.12.0/bin/npm',
1 verbose cli   'run',
1 verbose cli   'gulp',
1 verbose cli   'build' ]
2 info using npm@2.14.2
3 info using node@v0.12.0
4 verbose stack Error: missing script: gulp
4 verbose stack     at run (/Users/tricinel/.nvm/versions/node/v0.12.0/lib/node_modules/npm/lib/run-script.js:142:19)
4 verbose stack     at /Users/tricinel/.nvm/versions/node/v0.12.0/lib/node_modules/npm/lib/run-script.js:58:5
4 verbose stack     at /Users/tricinel/.nvm/versions/node/v0.12.0/lib/node_modules/npm/node_modules/read-package-json/read-json.js:345:5
4 verbose stack     at checkBinReferences_ (/Users/tricinel/.nvm/versions/node/v0.12.0/lib/node_modules/npm/node_modules/read-package-json/read-json.js:309:45)
4 verbose stack     at final (/Users/tricinel/.nvm/versions/node/v0.12.0/lib/node_modules/npm/node_modules/read-package-json/read-json.js:343:3)
4 verbose stack     at then (/Users/tricinel/.nvm/versions/node/v0.12.0/lib/node_modules/npm/node_modules/read-package-json/read-json.js:113:5)
4 verbose stack     at /Users/tricinel/.nvm/versions/node/v0.12.0/lib/node_modules/npm/node_modules/read-package-json/read-json.js:297:29
4 verbose stack     at evalmachine.<anonymous>:265:20
4 verbose stack     at OpenReq.Req.done (/Users/tricinel/.nvm/versions/node/v0.12.0/lib/node_modules/npm/node_modules/read-package-json/node_modules/graceful-fs/graceful-fs.js:141:5)
4 verbose stack     at OpenReq.done (/Users/tricinel/.nvm/versions/node/v0.12.0/lib/node_modules/npm/node_modules/read-package-json/node_modules/graceful-fs/graceful-fs.js:61:22)
5 verbose cwd /Users/tricinel/Work/Personal/playground/angular-sequoia
6 error Darwin 15.0.0
7 error argv "node" "/Users/tricinel/.nvm/versions/node/v0.12.0/bin/npm" "run" "gulp" "build"
8 error node v0.12.0
9 error npm  v2.14.2
10 error missing script: gulp
11 error If you need help, you may report this error at:
11 error     <https://github.com/npm/npm/issues>
12 verbose exit [ 1, true ]
